[0.006s] Invoking command in '/home/soon/projects/fullscan/build/fullscan': CMAKE_PREFIX_PATH=/opt/ros/humble /usr/bin/cmake /home/soon/projects/fullscan -DAMENT_CMAKE_SYMLINK_INSTALL=1 -DCMAKE_INSTALL_PREFIX=/home/soon/projects/fullscan/install/fullscan
[0.030s] -- The C compiler identification is GNU 11.4.0
[0.055s] -- The CXX compiler identification is GNU 11.4.0
[0.059s] -- Detecting C compiler ABI info
[0.088s] -- Detecting C compiler ABI info - done
[0.091s] -- Check for working C compiler: /usr/bin/cc - skipped
[0.091s] -- Detecting C compile features
[0.091s] -- Detecting C compile features - done
[0.093s] -- Detecting CXX compiler ABI info
[0.126s] -- Detecting CXX compiler ABI info - done
[0.130s] -- Check for working CXX compiler: /usr/bin/c++ - skipped
[0.130s] -- Detecting CXX compile features
[0.130s] -- Detecting CXX compile features - done
[0.133s] -- Found ament_cmake: 1.3.12 (/opt/ros/humble/share/ament_cmake/cmake)
[0.310s] -- Found Python3: /usr/bin/python3 (found version "3.10.12") found components: Interpreter 
[0.339s] -- Override CMake install command with custom implementation using symlinks instead of copying resources
[0.351s] -- Found rclcpp: 16.0.16 (/opt/ros/humble/share/rclcpp/cmake)
[0.376s] -- Found rosidl_generator_c: 3.1.7 (/opt/ros/humble/share/rosidl_generator_c/cmake)
[0.379s] -- Found rosidl_adapter: 3.1.7 (/opt/ros/humble/share/rosidl_adapter/cmake)
[0.383s] -- Found rosidl_generator_cpp: 3.1.7 (/opt/ros/humble/share/rosidl_generator_cpp/cmake)
[0.391s] -- Using all available rosidl_typesupport_c: rosidl_typesupport_fastrtps_c;rosidl_typesupport_introspection_c
[0.400s] -- Using all available rosidl_typesupport_cpp: rosidl_typesupport_fastrtps_cpp;rosidl_typesupport_introspection_cpp
[0.426s] -- Found rmw_implementation_cmake: 6.1.2 (/opt/ros/humble/share/rmw_implementation_cmake/cmake)
[0.427s] -- Found rmw_fastrtps_cpp: 6.2.9 (/opt/ros/humble/share/rmw_fastrtps_cpp/cmake)
[0.468s] -- Found OpenSSL: /usr/lib/x86_64-linux-gnu/libcrypto.so (found version "3.0.2")  
[0.481s] -- Found FastRTPS: /opt/ros/humble/include  
[0.498s] -- Using RMW implementation 'rmw_fastrtps_cpp' as default
[0.504s] -- Looking for pthread.h
[0.535s] -- Looking for pthread.h - found
[0.535s] -- Performing Test CMAKE_HAVE_LIBC_PTHREAD
[0.566s] -- Performing Test CMAKE_HAVE_LIBC_PTHREAD - Success
[0.566s] -- Found Threads: TRUE  
[0.595s] -- Found sensor_msgs: 4.9.0 (/opt/ros/humble/share/sensor_msgs/cmake)
[0.642s] -- Configuring done
[0.646s] -- Generating done
[0.647s] -- Build files have been written to: /home/soon/projects/fullscan/build/fullscan
[0.652s] Invoked command in '/home/soon/projects/fullscan/build/fullscan' returned '0': CMAKE_PREFIX_PATH=/opt/ros/humble /usr/bin/cmake /home/soon/projects/fullscan -DAMENT_CMAKE_SYMLINK_INSTALL=1 -DCMAKE_INSTALL_PREFIX=/home/soon/projects/fullscan/install/fullscan
[0.653s] Invoking command in '/home/soon/projects/fullscan/build/fullscan': CMAKE_PREFIX_PATH=/opt/ros/humble /usr/bin/cmake --build /home/soon/projects/fullscan/build/fullscan -- -j16 -l16
[0.673s] [ 50%] [32mBuilding CXX object CMakeFiles/fullscan_node.dir/src/fullscan_node.cpp.o[0m
[4.354s] [100%] [32m[1mLinking CXX executable fullscan_node[0m
[4.534s] [100%] Built target fullscan_node
[4.539s] Invoked command in '/home/soon/projects/fullscan/build/fullscan' returned '0': CMAKE_PREFIX_PATH=/opt/ros/humble /usr/bin/cmake --build /home/soon/projects/fullscan/build/fullscan -- -j16 -l16
[4.542s] Invoking command in '/home/soon/projects/fullscan/build/fullscan': CMAKE_PREFIX_PATH=/opt/ros/humble /usr/bin/cmake --install /home/soon/projects/fullscan/build/fullscan
[4.545s] -- Install configuration: ""
[4.545s] -- Execute custom install script
[4.546s] -- Symlinking: /home/soon/projects/fullscan/install/fullscan/lib/fullscan/fullscan_node
[4.549s] -- Symlinking: /home/soon/projects/fullscan/install/fullscan/share/fullscan/launch/fullscan.launch.py
[4.552s] -- Symlinking: /home/soon/projects/fullscan/install/fullscan/share/ament_index/resource_index/package_run_dependencies/fullscan
[4.556s] -- Symlinking: /home/soon/projects/fullscan/install/fullscan/share/ament_index/resource_index/parent_prefix_path/fullscan
[4.559s] -- Symlinking: /home/soon/projects/fullscan/install/fullscan/share/fullscan/environment/ament_prefix_path.sh
[4.562s] -- Symlinking: /home/soon/projects/fullscan/install/fullscan/share/fullscan/environment/ament_prefix_path.dsv
[4.565s] -- Symlinking: /home/soon/projects/fullscan/install/fullscan/share/fullscan/environment/path.sh
[4.569s] -- Symlinking: /home/soon/projects/fullscan/install/fullscan/share/fullscan/environment/path.dsv
[4.572s] -- Symlinking: /home/soon/projects/fullscan/install/fullscan/share/fullscan/local_setup.bash
[4.575s] -- Symlinking: /home/soon/projects/fullscan/install/fullscan/share/fullscan/local_setup.sh
[4.579s] -- Symlinking: /home/soon/projects/fullscan/install/fullscan/share/fullscan/local_setup.zsh
[4.582s] -- Symlinking: /home/soon/projects/fullscan/install/fullscan/share/fullscan/local_setup.dsv
[4.585s] -- Symlinking: /home/soon/projects/fullscan/install/fullscan/share/fullscan/package.dsv
[4.588s] -- Symlinking: /home/soon/projects/fullscan/install/fullscan/share/ament_index/resource_index/packages/fullscan
[4.592s] -- Symlinking: /home/soon/projects/fullscan/install/fullscan/share/fullscan/cmake/fullscanConfig.cmake
[4.595s] -- Symlinking: /home/soon/projects/fullscan/install/fullscan/share/fullscan/cmake/fullscanConfig-version.cmake
[4.598s] -- Symlinking: /home/soon/projects/fullscan/install/fullscan/share/fullscan/package.xml
[4.602s] Invoked command in '/home/soon/projects/fullscan/build/fullscan' returned '0': CMAKE_PREFIX_PATH=/opt/ros/humble /usr/bin/cmake --install /home/soon/projects/fullscan/build/fullscan
