[0.087s] DEBUG:colcon:Command line arguments: ['/usr/bin/colcon', 'build', '--symlink-install']
[0.087s] DEBUG:colcon:Parsed command line arguments: Namespace(log_base=None, log_level=None, verb_name='build', build_base='build', install_base='install', merge_install=False, symlink_install=True, test_result_base=None, continue_on_error=False, executor='parallel', parallel_workers=16, event_handlers=None, ignore_user_meta=False, metas=['./colcon.meta'], base_paths=['.'], packages_ignore=None, packages_ignore_regex=None, paths=None, packages_up_to=None, packages_up_to_regex=None, packages_above=None, packages_above_and_dependencies=None, packages_above_depth=None, packages_select_by_dep=None, packages_skip_by_dep=None, packages_skip_up_to=None, packages_select_build_failed=False, packages_skip_build_finished=False, packages_select_test_failures=False, packages_skip_test_passed=False, packages_select=None, packages_skip=None, packages_select_regex=None, packages_skip_regex=None, packages_start=None, packages_end=None, allow_overriding=[], cmake_args=None, cmake_target=None, cmake_target_skip_unavailable=False, cmake_clean_cache=False, cmake_clean_first=False, cmake_force_configure=False, ament_cmake_args=None, catkin_cmake_args=None, catkin_skip_building_tests=False, mixin_files=None, mixin=None, verb_parser=<colcon_mixin.mixin.mixin_argument.MixinArgumentDecorator object at 0x78892ba39a80>, verb_extension=<colcon_core.verb.build.BuildVerb object at 0x78892ba3aa10>, main=<bound method BuildVerb.main of <colcon_core.verb.build.BuildVerb object at 0x78892ba3aa10>>, mixin_verb=('build',))
[0.113s] Level 1:colcon.colcon_core.package_discovery:discover_packages(colcon_meta) check parameters
[0.113s] Level 1:colcon.colcon_core.package_discovery:discover_packages(recursive) check parameters
[0.113s] Level 1:colcon.colcon_core.package_discovery:discover_packages(ignore) check parameters
[0.113s] Level 1:colcon.colcon_core.package_discovery:discover_packages(path) check parameters
[0.113s] Level 1:colcon.colcon_core.package_discovery:discover_packages(colcon_meta) discover
[0.113s] Level 1:colcon.colcon_core.package_discovery:discover_packages(recursive) discover
[0.113s] INFO:colcon.colcon_core.package_discovery:Crawling recursively for packages in '/home/soon/projects/fullscan'
[0.113s] Level 1:colcon.colcon_core.package_identification:_identify(.) by extensions ['ignore', 'ignore_ament_install']
[0.113s] Level 1:colcon.colcon_core.package_identification:_identify(.) by extension 'ignore'
[0.113s] Level 1:colcon.colcon_core.package_identification:_identify(.) by extension 'ignore_ament_install'
[0.113s] Level 1:colcon.colcon_core.package_identification:_identify(.) by extensions ['colcon_pkg']
[0.113s] Level 1:colcon.colcon_core.package_identification:_identify(.) by extension 'colcon_pkg'
[0.113s] Level 1:colcon.colcon_core.package_identification:_identify(.) by extensions ['colcon_meta']
[0.113s] Level 1:colcon.colcon_core.package_identification:_identify(.) by extension 'colcon_meta'
[0.113s] Level 1:colcon.colcon_core.package_identification:_identify(.) by extensions ['ros']
[0.113s] Level 1:colcon.colcon_core.package_identification:_identify(.) by extension 'ros'
[0.121s] DEBUG:colcon.colcon_core.package_identification:Package '.' with type 'ros.ament_cmake' and name 'fullscan'
[0.121s] Level 1:colcon.colcon_core.package_discovery:discover_packages(recursive) using defaults
[0.121s] Level 1:colcon.colcon_core.package_discovery:discover_packages(ignore) discover
[0.121s] Level 1:colcon.colcon_core.package_discovery:discover_packages(ignore) using defaults
[0.121s] Level 1:colcon.colcon_core.package_discovery:discover_packages(path) discover
[0.121s] Level 1:colcon.colcon_core.package_discovery:discover_packages(path) using defaults
[0.140s] Level 1:colcon.colcon_core.package_discovery:discover_packages(prefix_path) check parameters
[0.140s] Level 1:colcon.colcon_core.package_discovery:discover_packages(prefix_path) discover
[0.141s] DEBUG:colcon.colcon_installed_package_information.package_discovery:Found 1 installed packages in /home/soon/projects/fullscan/install
[0.142s] DEBUG:colcon.colcon_installed_package_information.package_discovery:Found 329 installed packages in /opt/ros/humble
[0.142s] Level 1:colcon.colcon_core.package_discovery:discover_packages(prefix_path) using defaults
[0.159s] Level 5:colcon.colcon_core.verb:set package 'fullscan' build argument 'cmake_args' from command line to 'None'
[0.159s] Level 5:colcon.colcon_core.verb:set package 'fullscan' build argument 'cmake_target' from command line to 'None'
[0.160s] Level 5:colcon.colcon_core.verb:set package 'fullscan' build argument 'cmake_target_skip_unavailable' from command line to 'False'
[0.160s] Level 5:colcon.colcon_core.verb:set package 'fullscan' build argument 'cmake_clean_cache' from command line to 'False'
[0.160s] Level 5:colcon.colcon_core.verb:set package 'fullscan' build argument 'cmake_clean_first' from command line to 'False'
[0.160s] Level 5:colcon.colcon_core.verb:set package 'fullscan' build argument 'cmake_force_configure' from command line to 'False'
[0.160s] Level 5:colcon.colcon_core.verb:set package 'fullscan' build argument 'ament_cmake_args' from command line to 'None'
[0.160s] Level 5:colcon.colcon_core.verb:set package 'fullscan' build argument 'catkin_cmake_args' from command line to 'None'
[0.160s] Level 5:colcon.colcon_core.verb:set package 'fullscan' build argument 'catkin_skip_building_tests' from command line to 'False'
[0.160s] DEBUG:colcon.colcon_core.verb:Building package 'fullscan' with the following arguments: {'ament_cmake_args': None, 'build_base': '/home/soon/projects/fullscan/build/fullscan', 'catkin_cmake_args': None, 'catkin_skip_building_tests': False, 'cmake_args': None, 'cmake_clean_cache': False, 'cmake_clean_first': False, 'cmake_force_configure': False, 'cmake_target': None, 'cmake_target_skip_unavailable': False, 'install_base': '/home/soon/projects/fullscan/install/fullscan', 'merge_install': False, 'path': '/home/soon/projects/fullscan', 'symlink_install': True, 'test_result_base': None}
[0.160s] INFO:colcon.colcon_core.executor:Executing jobs using 'parallel' executor
[0.160s] DEBUG:colcon.colcon_parallel_executor.executor.parallel:run_until_complete
[0.160s] INFO:colcon.colcon_ros.task.ament_cmake.build:Building ROS package in '/home/soon/projects/fullscan' with build type 'ament_cmake'
[0.160s] INFO:colcon.colcon_cmake.task.cmake.build:Building CMake package in '/home/soon/projects/fullscan'
[0.162s] INFO:colcon.colcon_core.plugin_system:Skipping extension 'colcon_core.shell.bat': Not used on non-Windows systems
[0.163s] INFO:colcon.colcon_core.shell:Skip shell extension 'powershell' for command environment: Not usable outside of PowerShell
[0.163s] DEBUG:colcon.colcon_core.shell:Skip shell extension 'dsv' for command environment
[0.166s] DEBUG:colcon.colcon_core.event_handler.log_command:Invoking command in '/home/soon/projects/fullscan/build/fullscan': CMAKE_PREFIX_PATH=${CMAKE_PREFIX_PATH}:/opt/ros/humble /usr/bin/cmake --build /home/soon/projects/fullscan/build/fullscan -- -j16 -l16
[4.043s] DEBUG:colcon.colcon_core.event_handler.log_command:Invoked command in '/home/soon/projects/fullscan/build/fullscan' returned '0': CMAKE_PREFIX_PATH=${CMAKE_PREFIX_PATH}:/opt/ros/humble /usr/bin/cmake --build /home/soon/projects/fullscan/build/fullscan -- -j16 -l16
[4.047s] DEBUG:colcon.colcon_core.event_handler.log_command:Invoking command in '/home/soon/projects/fullscan/build/fullscan': CMAKE_PREFIX_PATH=${CMAKE_PREFIX_PATH}:/opt/ros/humble /usr/bin/cmake --install /home/soon/projects/fullscan/build/fullscan
[4.055s] Level 1:colcon.colcon_core.environment:create_environment_scripts_only(fullscan)
[4.055s] DEBUG:colcon.colcon_core.event_handler.log_command:Invoked command in '/home/soon/projects/fullscan/build/fullscan' returned '0': CMAKE_PREFIX_PATH=${CMAKE_PREFIX_PATH}:/opt/ros/humble /usr/bin/cmake --install /home/soon/projects/fullscan/build/fullscan
[4.057s] Level 1:colcon.colcon_core.environment:checking '/home/soon/projects/fullscan/install/fullscan' for CMake module files
[4.057s] Level 1:colcon.colcon_core.environment:checking '/home/soon/projects/fullscan/install/fullscan' for CMake config files
[4.057s] Level 1:colcon.colcon_core.shell:create_environment_hook('fullscan', 'cmake_prefix_path')
[4.057s] INFO:colcon.colcon_core.shell:Creating environment hook '/home/soon/projects/fullscan/install/fullscan/share/fullscan/hook/cmake_prefix_path.ps1'
[4.057s] INFO:colcon.colcon_core.shell:Creating environment descriptor '/home/soon/projects/fullscan/install/fullscan/share/fullscan/hook/cmake_prefix_path.dsv'
[4.058s] INFO:colcon.colcon_core.shell:Creating environment hook '/home/soon/projects/fullscan/install/fullscan/share/fullscan/hook/cmake_prefix_path.sh'
[4.058s] Level 1:colcon.colcon_core.environment:checking '/home/soon/projects/fullscan/install/fullscan/lib'
[4.058s] Level 1:colcon.colcon_core.environment:checking '/home/soon/projects/fullscan/install/fullscan/bin'
[4.058s] Level 1:colcon.colcon_core.environment:checking '/home/soon/projects/fullscan/install/fullscan/lib/pkgconfig/fullscan.pc'
[4.058s] Level 1:colcon.colcon_core.environment:checking '/home/soon/projects/fullscan/install/fullscan/lib/python3.10/site-packages'
[4.058s] Level 1:colcon.colcon_core.environment:checking '/home/soon/projects/fullscan/install/fullscan/bin'
[4.058s] INFO:colcon.colcon_core.shell:Creating package script '/home/soon/projects/fullscan/install/fullscan/share/fullscan/package.ps1'
[4.059s] INFO:colcon.colcon_core.shell:Creating package descriptor '/home/soon/projects/fullscan/install/fullscan/share/fullscan/package.dsv'
[4.059s] INFO:colcon.colcon_core.shell:Creating package script '/home/soon/projects/fullscan/install/fullscan/share/fullscan/package.sh'
[4.059s] INFO:colcon.colcon_core.shell:Creating package script '/home/soon/projects/fullscan/install/fullscan/share/fullscan/package.bash'
[4.059s] INFO:colcon.colcon_core.shell:Creating package script '/home/soon/projects/fullscan/install/fullscan/share/fullscan/package.zsh'
[4.060s] Level 1:colcon.colcon_core.environment:create_file_with_runtime_dependencies(/home/soon/projects/fullscan/install/fullscan/share/colcon-core/packages/fullscan)
[4.060s] Level 1:colcon.colcon_core.environment:create_environment_scripts_only(fullscan)
[4.060s] Level 1:colcon.colcon_core.environment:checking '/home/soon/projects/fullscan/install/fullscan' for CMake module files
[4.060s] Level 1:colcon.colcon_core.environment:checking '/home/soon/projects/fullscan/install/fullscan' for CMake config files
[4.060s] Level 1:colcon.colcon_core.shell:create_environment_hook('fullscan', 'cmake_prefix_path')
[4.060s] INFO:colcon.colcon_core.shell:Creating environment hook '/home/soon/projects/fullscan/install/fullscan/share/fullscan/hook/cmake_prefix_path.ps1'
[4.060s] INFO:colcon.colcon_core.shell:Creating environment descriptor '/home/soon/projects/fullscan/install/fullscan/share/fullscan/hook/cmake_prefix_path.dsv'
[4.061s] INFO:colcon.colcon_core.shell:Creating environment hook '/home/soon/projects/fullscan/install/fullscan/share/fullscan/hook/cmake_prefix_path.sh'
[4.061s] Level 1:colcon.colcon_core.environment:checking '/home/soon/projects/fullscan/install/fullscan/lib'
[4.061s] Level 1:colcon.colcon_core.environment:checking '/home/soon/projects/fullscan/install/fullscan/bin'
[4.061s] Level 1:colcon.colcon_core.environment:checking '/home/soon/projects/fullscan/install/fullscan/lib/pkgconfig/fullscan.pc'
[4.061s] Level 1:colcon.colcon_core.environment:checking '/home/soon/projects/fullscan/install/fullscan/lib/python3.10/site-packages'
[4.061s] Level 1:colcon.colcon_core.environment:checking '/home/soon/projects/fullscan/install/fullscan/bin'
[4.061s] INFO:colcon.colcon_core.shell:Creating package script '/home/soon/projects/fullscan/install/fullscan/share/fullscan/package.ps1'
[4.061s] INFO:colcon.colcon_core.shell:Creating package descriptor '/home/soon/projects/fullscan/install/fullscan/share/fullscan/package.dsv'
[4.062s] INFO:colcon.colcon_core.shell:Creating package script '/home/soon/projects/fullscan/install/fullscan/share/fullscan/package.sh'
[4.062s] INFO:colcon.colcon_core.shell:Creating package script '/home/soon/projects/fullscan/install/fullscan/share/fullscan/package.bash'
[4.062s] INFO:colcon.colcon_core.shell:Creating package script '/home/soon/projects/fullscan/install/fullscan/share/fullscan/package.zsh'
[4.062s] Level 1:colcon.colcon_core.environment:create_file_with_runtime_dependencies(/home/soon/projects/fullscan/install/fullscan/share/colcon-core/packages/fullscan)
[4.062s] DEBUG:colcon.colcon_parallel_executor.executor.parallel:closing loop
[4.062s] DEBUG:colcon.colcon_parallel_executor.executor.parallel:loop closed
[4.062s] DEBUG:colcon.colcon_parallel_executor.executor.parallel:run_until_complete finished with '0'
[4.062s] DEBUG:colcon.colcon_core.event_reactor:joining thread
[4.066s] INFO:colcon.colcon_core.plugin_system:Skipping extension 'colcon_notification.desktop_notification.terminal_notifier': Not used on non-Darwin systems
[4.066s] INFO:colcon.colcon_core.plugin_system:Skipping extension 'colcon_notification.desktop_notification.win32': Not used on non-Windows systems
[4.066s] INFO:colcon.colcon_notification.desktop_notification:Sending desktop notification using 'notify2'
[4.071s] DEBUG:colcon.colcon_core.event_reactor:joined thread
[4.071s] INFO:colcon.colcon_core.shell:Creating prefix script '/home/soon/projects/fullscan/install/local_setup.ps1'
[4.071s] INFO:colcon.colcon_core.shell:Creating prefix util module '/home/soon/projects/fullscan/install/_local_setup_util_ps1.py'
[4.072s] INFO:colcon.colcon_core.shell:Creating prefix chain script '/home/soon/projects/fullscan/install/setup.ps1'
[4.072s] INFO:colcon.colcon_core.shell:Creating prefix script '/home/soon/projects/fullscan/install/local_setup.sh'
[4.072s] INFO:colcon.colcon_core.shell:Creating prefix util module '/home/soon/projects/fullscan/install/_local_setup_util_sh.py'
[4.072s] INFO:colcon.colcon_core.shell:Creating prefix chain script '/home/soon/projects/fullscan/install/setup.sh'
[4.073s] INFO:colcon.colcon_core.shell:Creating prefix script '/home/soon/projects/fullscan/install/local_setup.bash'
[4.073s] INFO:colcon.colcon_core.shell:Creating prefix chain script '/home/soon/projects/fullscan/install/setup.bash'
[4.073s] INFO:colcon.colcon_core.shell:Creating prefix script '/home/soon/projects/fullscan/install/local_setup.zsh'
[4.074s] INFO:colcon.colcon_core.shell:Creating prefix chain script '/home/soon/projects/fullscan/install/setup.zsh'
